cl : 命令行 warning D9035: “Gm”选项已否决，并将在将来的版本中移除
  main.cpp
E:\network_lab\LAB2\Windows VS2017\StopWait\SRreceiver.h(2,1): warning C4005: “SEQUN”: 宏重定义
E:\network_lab\LAB2\Windows VS2017\StopWait\GBNsender.h(2): message : 参见“SEQUN”的前一个定义
  TCPs.cpp
  SRsenders.cpp
  SRreceiver.cpp
  正在生成代码...
GBNreceiver.obj : warning LNK4075: 忽略“/EDITANDCONTINUE”(由于“/SAFESEH”规范)
netsimlib.lib(DataStructure.obj) : warning LNK4099: 未找到 PDB“netsimlib.pdb”(使用“netsimlib.lib(DataStructure.obj)”或在“E:\network_lab\LAB2\Windows VS2017\StopWait\Debug\netsimlib.pdb”中寻找)；正在链接对象，如同没有调试信息一样
netsimlib.lib(FileAppMessageFeeder.obj) : warning LNK4099: 未找到 PDB“netsimlib.pdb”(使用“netsimlib.lib(FileAppMessageFeeder.obj)”或在“E:\network_lab\LAB2\Windows VS2017\StopWait\Debug\netsimlib.pdb”中寻找)；正在链接对象，如同没有调试信息一样
netsimlib.lib(FileAppMessageWriter.obj) : warning LNK4099: 未找到 PDB“netsimlib.pdb”(使用“netsimlib.lib(FileAppMessageWriter.obj)”或在“E:\network_lab\LAB2\Windows VS2017\StopWait\Debug\netsimlib.pdb”中寻找)；正在链接对象，如同没有调试信息一样
netsimlib.lib(NetworkService.obj) : warning LNK4099: 未找到 PDB“netsimlib.pdb”(使用“netsimlib.lib(NetworkService.obj)”或在“E:\network_lab\LAB2\Windows VS2017\StopWait\Debug\netsimlib.pdb”中寻找)；正在链接对象，如同没有调试信息一样
netsimlib.lib(NetworkServiceConfiguration.obj) : warning LNK4099: 未找到 PDB“netsimlib.pdb”(使用“netsimlib.lib(NetworkServiceConfiguration.obj)”或在“E:\network_lab\LAB2\Windows VS2017\StopWait\Debug\netsimlib.pdb”中寻找)；正在链接对象，如同没有调试信息一样
netsimlib.lib(NetworkServiceSimulator.obj) : warning LNK4099: 未找到 PDB“netsimlib.pdb”(使用“netsimlib.lib(NetworkServiceSimulator.obj)”或在“E:\network_lab\LAB2\Windows VS2017\StopWait\Debug\netsimlib.pdb”中寻找)；正在链接对象，如同没有调试信息一样
netsimlib.lib(RandomEvent.obj) : warning LNK4099: 未找到 PDB“netsimlib.pdb”(使用“netsimlib.lib(RandomEvent.obj)”或在“E:\network_lab\LAB2\Windows VS2017\StopWait\Debug\netsimlib.pdb”中寻找)；正在链接对象，如同没有调试信息一样
netsimlib.lib(RandomEventList.obj) : warning LNK4099: 未找到 PDB“netsimlib.pdb”(使用“netsimlib.lib(RandomEventList.obj)”或在“E:\network_lab\LAB2\Windows VS2017\StopWait\Debug\netsimlib.pdb”中寻找)；正在链接对象，如同没有调试信息一样
netsimlib.lib(RdtReceiver.obj) : warning LNK4099: 未找到 PDB“netsimlib.pdb”(使用“netsimlib.lib(RdtReceiver.obj)”或在“E:\network_lab\LAB2\Windows VS2017\StopWait\Debug\netsimlib.pdb”中寻找)；正在链接对象，如同没有调试信息一样
netsimlib.lib(RdtSender.obj) : warning LNK4099: 未找到 PDB“netsimlib.pdb”(使用“netsimlib.lib(RdtSender.obj)”或在“E:\network_lab\LAB2\Windows VS2017\StopWait\Debug\netsimlib.pdb”中寻找)；正在链接对象，如同没有调试信息一样
netsimlib.lib(stdafx.obj) : warning LNK4099: 未找到 PDB“netsimlib.pdb”(使用“netsimlib.lib(stdafx.obj)”或在“E:\network_lab\LAB2\Windows VS2017\StopWait\Debug\netsimlib.pdb”中寻找)；正在链接对象，如同没有调试信息一样
netsimlib.lib(Tool.obj) : warning LNK4099: 未找到 PDB“netsimlib.pdb”(使用“netsimlib.lib(Tool.obj)”或在“E:\network_lab\LAB2\Windows VS2017\StopWait\Debug\netsimlib.pdb”中寻找)；正在链接对象，如同没有调试信息一样
netsimlib.lib(Utils.obj) : warning LNK4099: 未找到 PDB“netsimlib.pdb”(使用“netsimlib.lib(Utils.obj)”或在“E:\network_lab\LAB2\Windows VS2017\StopWait\Debug\netsimlib.pdb”中寻找)；正在链接对象，如同没有调试信息一样
  StopWait.vcxproj -> E:\network_lab\LAB2\Windows VS2017\StopWait\Debug\StopWait.exe
